2025-04-03 10:01:25,143 INFO o.a.j.u.JMeterUtils: Setting Locale to fr_FR
2025-04-03 10:01:25,181 INFO o.a.j.u.JMeterUtils: Could not find resources for 'fr_FR', using 'fr'
2025-04-03 10:01:25,183 INFO o.a.j.JMeter: Loading system properties from: system.properties
2025-04-03 10:01:25,189 INFO o.a.j.JMeter: Copyright (c) 1998-2024 The Apache Software Foundation
2025-04-03 10:01:25,189 INFO o.a.j.JMeter: Version 5.6.3
2025-04-03 10:01:25,189 INFO o.a.j.JMeter: java.version=23.0.2
2025-04-03 10:01:25,189 INFO o.a.j.JMeter: java.vm.name=Java HotSpot(TM) 64-Bit Server VM
2025-04-03 10:01:25,189 INFO o.a.j.JMeter: os.name=Windows 11
2025-04-03 10:01:25,189 INFO o.a.j.JMeter: os.arch=amd64
2025-04-03 10:01:25,189 INFO o.a.j.JMeter: os.version=10.0
2025-04-03 10:01:25,197 INFO o.a.j.JMeter: file.encoding=UTF-8
2025-04-03 10:01:25,197 INFO o.a.j.JMeter: java.awt.headless=null
2025-04-03 10:01:25,197 INFO o.a.j.JMeter: Max memory     =536870912
2025-04-03 10:01:25,197 INFO o.a.j.JMeter: Available Processors =8
2025-04-03 10:01:25,213 INFO o.a.j.JMeter: Default Locale=français (France)
2025-04-03 10:01:25,213 INFO o.a.j.JMeter: JMeter  Locale=français (France)
2025-04-03 10:01:25,213 INFO o.a.j.JMeter: JMeterHome=C:\Users\Admin\Downloads\ProjetJmetre_Departement\departement\target\375a8c7b-e8fc-4632-bdfe-3d15018749e1\jmeter
2025-04-03 10:01:25,213 INFO o.a.j.JMeter: user.dir  =C:\Users\Admin\Downloads\ProjetJmetre_Departement\departement\target\375a8c7b-e8fc-4632-bdfe-3d15018749e1\jmeter\bin
2025-04-03 10:01:25,213 INFO o.a.j.JMeter: PWD       =C:\Users\Admin\Downloads\ProjetJmetre_Departement\departement\target\375a8c7b-e8fc-4632-bdfe-3d15018749e1\jmeter\bin
2025-04-03 10:01:25,213 INFO o.a.j.JMeter: IP: 192.168.1.55 Name: DESKTOP-GC5LS2P FullName: DESKTOP-GC5LS2P.lan
2025-04-03 10:01:25,251 INFO o.a.j.JMeter: Loaded icon properties from org/apache/jmeter/images/icon.properties
2025-04-03 10:01:25,425 INFO o.a.j.JMeterGuiLauncher: Setting LAF to: com.github.weisj.darklaf.DarkLaf:com.github.weisj.darklaf.theme.DarculaTheme
2025-04-03 10:01:26,554 INFO o.a.j.r.ClassFinder: Will scan jar C:\Users\Admin\Downloads\ProjetJmetre_Departement\departement\target\375a8c7b-e8fc-4632-bdfe-3d15018749e1\jmeter\lib\ext\ApacheJMeter_functions-5.5.jar with filter ExtendsClassFilter [parents=[interface org.apache.jmeter.gui.action.Command], inner=false, contains=null, notContains=null]. Consider exposing JMeter plugins via META-INF/services, and add JMeter-Skip-Class-Scanning=true manifest attribute so JMeter can skip classfile scanning
2025-04-03 10:01:26,589 INFO o.a.j.r.ClassFinder: Will scan jar C:\Users\Admin\Downloads\ProjetJmetre_Departement\departement\target\375a8c7b-e8fc-4632-bdfe-3d15018749e1\jmeter\lib\ext\ApacheJMeter_ldap-5.5.jar with filter ExtendsClassFilter [parents=[interface org.apache.jmeter.gui.action.Command], inner=false, contains=null, notContains=null]. Consider exposing JMeter plugins via META-INF/services, and add JMeter-Skip-Class-Scanning=true manifest attribute so JMeter can skip classfile scanning
2025-04-03 10:01:26,599 INFO o.a.j.r.ClassFinder: Will scan jar C:\Users\Admin\Downloads\ProjetJmetre_Departement\departement\target\375a8c7b-e8fc-4632-bdfe-3d15018749e1\jmeter\lib\ext\ApacheJMeter_components-5.5.jar with filter ExtendsClassFilter [parents=[interface org.apache.jmeter.gui.action.Command], inner=false, contains=null, notContains=null]. Consider exposing JMeter plugins via META-INF/services, and add JMeter-Skip-Class-Scanning=true manifest attribute so JMeter can skip classfile scanning
2025-04-03 10:01:26,688 INFO o.a.j.r.ClassFinder: Will scan jar C:\Users\Admin\Downloads\ProjetJmetre_Departement\departement\target\375a8c7b-e8fc-4632-bdfe-3d15018749e1\jmeter\lib\ext\ApacheJMeter_core-5.5.jar with filter ExtendsClassFilter [parents=[interface org.apache.jmeter.gui.action.Command], inner=false, contains=null, notContains=null]. Consider exposing JMeter plugins via META-INF/services, and add JMeter-Skip-Class-Scanning=true manifest attribute so JMeter can skip classfile scanning
2025-04-03 10:01:26,825 INFO o.a.j.r.ClassFinder: Will scan jar C:\Users\Admin\Downloads\ProjetJmetre_Departement\departement\target\375a8c7b-e8fc-4632-bdfe-3d15018749e1\jmeter\lib\ext\ApacheJMeter_tcp-5.5.jar with filter ExtendsClassFilter [parents=[interface org.apache.jmeter.gui.action.Command], inner=false, contains=null, notContains=null]. Consider exposing JMeter plugins via META-INF/services, and add JMeter-Skip-Class-Scanning=true manifest attribute so JMeter can skip classfile scanning
2025-04-03 10:01:26,830 INFO o.a.j.r.ClassFinder: Will scan jar C:\Users\Admin\Downloads\ProjetJmetre_Departement\departement\target\375a8c7b-e8fc-4632-bdfe-3d15018749e1\jmeter\lib\ext\ApacheJMeter_ftp-5.5.jar with filter ExtendsClassFilter [parents=[interface org.apache.jmeter.gui.action.Command], inner=false, contains=null, notContains=null]. Consider exposing JMeter plugins via META-INF/services, and add JMeter-Skip-Class-Scanning=true manifest attribute so JMeter can skip classfile scanning
2025-04-03 10:01:26,830 INFO o.a.j.r.ClassFinder: Will scan jar C:\Users\Admin\Downloads\ProjetJmetre_Departement\departement\target\375a8c7b-e8fc-4632-bdfe-3d15018749e1\jmeter\lib\ext\ApacheJMeter_http-5.5.jar with filter ExtendsClassFilter [parents=[interface org.apache.jmeter.gui.action.Command], inner=false, contains=null, notContains=null]. Consider exposing JMeter plugins via META-INF/services, and add JMeter-Skip-Class-Scanning=true manifest attribute so JMeter can skip classfile scanning
2025-04-03 10:01:26,894 INFO o.a.j.r.ClassFinder: Will scan jar C:\Users\Admin\Downloads\ProjetJmetre_Departement\departement\target\375a8c7b-e8fc-4632-bdfe-3d15018749e1\jmeter\lib\ext\jmeter-plugins-webdriver-4.13.0.2.jar with filter ExtendsClassFilter [parents=[interface org.apache.jmeter.gui.action.Command], inner=false, contains=null, notContains=null]. Consider exposing JMeter plugins via META-INF/services, and add JMeter-Skip-Class-Scanning=true manifest attribute so JMeter can skip classfile scanning
2025-04-03 10:01:26,902 INFO o.a.j.r.ClassFinder: Will scan jar C:\Users\Admin\Downloads\ProjetJmetre_Departement\departement\target\375a8c7b-e8fc-4632-bdfe-3d15018749e1\jmeter\lib\ext\ApacheJMeter_junit-5.5.jar with filter ExtendsClassFilter [parents=[interface org.apache.jmeter.gui.action.Command], inner=false, contains=null, notContains=null]. Consider exposing JMeter plugins via META-INF/services, and add JMeter-Skip-Class-Scanning=true manifest attribute so JMeter can skip classfile scanning
2025-04-03 10:01:26,909 INFO o.a.j.r.ClassFinder: Will scan jar C:\Users\Admin\Downloads\ProjetJmetre_Departement\departement\target\375a8c7b-e8fc-4632-bdfe-3d15018749e1\jmeter\lib\ext\ApacheJMeter_jdbc-5.5.jar with filter ExtendsClassFilter [parents=[interface org.apache.jmeter.gui.action.Command], inner=false, contains=null, notContains=null]. Consider exposing JMeter plugins via META-INF/services, and add JMeter-Skip-Class-Scanning=true manifest attribute so JMeter can skip classfile scanning
2025-04-03 10:01:26,914 INFO o.a.j.r.ClassFinder: Will scan jar C:\Users\Admin\Downloads\ProjetJmetre_Departement\departement\target\375a8c7b-e8fc-4632-bdfe-3d15018749e1\jmeter\lib\ext\ApacheJMeter_native-5.5.jar with filter ExtendsClassFilter [parents=[interface org.apache.jmeter.gui.action.Command], inner=false, contains=null, notContains=null]. Consider exposing JMeter plugins via META-INF/services, and add JMeter-Skip-Class-Scanning=true manifest attribute so JMeter can skip classfile scanning
2025-04-03 10:01:26,914 INFO o.a.j.r.ClassFinder: Will scan jar C:\Users\Admin\Downloads\ProjetJmetre_Departement\departement\target\375a8c7b-e8fc-4632-bdfe-3d15018749e1\jmeter\lib\ext\ApacheJMeter_jms-5.5.jar with filter ExtendsClassFilter [parents=[interface org.apache.jmeter.gui.action.Command], inner=false, contains=null, notContains=null]. Consider exposing JMeter plugins via META-INF/services, and add JMeter-Skip-Class-Scanning=true manifest attribute so JMeter can skip classfile scanning
2025-04-03 10:01:26,929 INFO o.a.j.r.ClassFinder: Will scan jar C:\Users\Admin\Downloads\ProjetJmetre_Departement\departement\target\375a8c7b-e8fc-4632-bdfe-3d15018749e1\jmeter\lib\ext\ApacheJMeter_mail-5.5.jar with filter ExtendsClassFilter [parents=[interface org.apache.jmeter.gui.action.Command], inner=false, contains=null, notContains=null]. Consider exposing JMeter plugins via META-INF/services, and add JMeter-Skip-Class-Scanning=true manifest attribute so JMeter can skip classfile scanning
2025-04-03 10:01:26,934 INFO o.a.j.r.ClassFinder: Will scan jar C:\Users\Admin\Downloads\ProjetJmetre_Departement\departement\target\375a8c7b-e8fc-4632-bdfe-3d15018749e1\jmeter\lib\ext\ApacheJMeter_mongodb-5.5.jar with filter ExtendsClassFilter [parents=[interface org.apache.jmeter.gui.action.Command], inner=false, contains=null, notContains=null]. Consider exposing JMeter plugins via META-INF/services, and add JMeter-Skip-Class-Scanning=true manifest attribute so JMeter can skip classfile scanning
2025-04-03 10:01:26,934 INFO o.a.j.r.ClassFinder: Will scan jar C:\Users\Admin\Downloads\ProjetJmetre_Departement\departement\target\375a8c7b-e8fc-4632-bdfe-3d15018749e1\jmeter\lib\ext\ApacheJMeter_bolt-5.5.jar with filter ExtendsClassFilter [parents=[interface org.apache.jmeter.gui.action.Command], inner=false, contains=null, notContains=null]. Consider exposing JMeter plugins via META-INF/services, and add JMeter-Skip-Class-Scanning=true manifest attribute so JMeter can skip classfile scanning
2025-04-03 10:01:26,946 INFO o.a.j.r.ClassFinder: Will scan jar C:\Users\Admin\Downloads\ProjetJmetre_Departement\departement\target\375a8c7b-e8fc-4632-bdfe-3d15018749e1\jmeter\lib\ext\ApacheJMeter_java-5.5.jar with filter ExtendsClassFilter [parents=[interface org.apache.jmeter.gui.action.Command], inner=false, contains=null, notContains=null]. Consider exposing JMeter plugins via META-INF/services, and add JMeter-Skip-Class-Scanning=true manifest attribute so JMeter can skip classfile scanning
2025-04-03 10:01:27,443 INFO o.a.j.r.ClassFinder: Will scan jar C:\Users\Admin\Downloads\ProjetJmetre_Departement\departement\target\375a8c7b-e8fc-4632-bdfe-3d15018749e1\jmeter\lib\ext\ApacheJMeter_functions-5.5.jar with filter ExtendsClassFilter [parents=[interface org.apache.jmeter.gui.plugin.MenuCreator], inner=false, contains=null, notContains=null]. Consider exposing JMeter plugins via META-INF/services, and add JMeter-Skip-Class-Scanning=true manifest attribute so JMeter can skip classfile scanning
2025-04-03 10:01:27,443 INFO o.a.j.r.ClassFinder: Will scan jar C:\Users\Admin\Downloads\ProjetJmetre_Departement\departement\target\375a8c7b-e8fc-4632-bdfe-3d15018749e1\jmeter\lib\ext\ApacheJMeter_ldap-5.5.jar with filter ExtendsClassFilter [parents=[interface org.apache.jmeter.gui.plugin.MenuCreator], inner=false, contains=null, notContains=null]. Consider exposing JMeter plugins via META-INF/services, and add JMeter-Skip-Class-Scanning=true manifest attribute so JMeter can skip classfile scanning
2025-04-03 10:01:27,443 INFO o.a.j.r.ClassFinder: Will scan jar C:\Users\Admin\Downloads\ProjetJmetre_Departement\departement\target\375a8c7b-e8fc-4632-bdfe-3d15018749e1\jmeter\lib\ext\ApacheJMeter_components-5.5.jar with filter ExtendsClassFilter [parents=[interface org.apache.jmeter.gui.plugin.MenuCreator], inner=false, contains=null, notContains=null]. Consider exposing JMeter plugins via META-INF/services, and add JMeter-Skip-Class-Scanning=true manifest attribute so JMeter can skip classfile scanning
2025-04-03 10:01:27,445 INFO o.a.j.r.ClassFinder: Will scan jar C:\Users\Admin\Downloads\ProjetJmetre_Departement\departement\target\375a8c7b-e8fc-4632-bdfe-3d15018749e1\jmeter\lib\ext\ApacheJMeter_core-5.5.jar with filter ExtendsClassFilter [parents=[interface org.apache.jmeter.gui.plugin.MenuCreator], inner=false, contains=null, notContains=null]. Consider exposing JMeter plugins via META-INF/services, and add JMeter-Skip-Class-Scanning=true manifest attribute so JMeter can skip classfile scanning
2025-04-03 10:01:27,448 INFO o.a.j.r.ClassFinder: Will scan jar C:\Users\Admin\Downloads\ProjetJmetre_Departement\departement\target\375a8c7b-e8fc-4632-bdfe-3d15018749e1\jmeter\lib\ext\ApacheJMeter_tcp-5.5.jar with filter ExtendsClassFilter [parents=[interface org.apache.jmeter.gui.plugin.MenuCreator], inner=false, contains=null, notContains=null]. Consider exposing JMeter plugins via META-INF/services, and add JMeter-Skip-Class-Scanning=true manifest attribute so JMeter can skip classfile scanning
2025-04-03 10:01:27,448 INFO o.a.j.r.ClassFinder: Will scan jar C:\Users\Admin\Downloads\ProjetJmetre_Departement\departement\target\375a8c7b-e8fc-4632-bdfe-3d15018749e1\jmeter\lib\ext\ApacheJMeter_ftp-5.5.jar with filter ExtendsClassFilter [parents=[interface org.apache.jmeter.gui.plugin.MenuCreator], inner=false, contains=null, notContains=null]. Consider exposing JMeter plugins via META-INF/services, and add JMeter-Skip-Class-Scanning=true manifest attribute so JMeter can skip classfile scanning
2025-04-03 10:01:27,448 INFO o.a.j.r.ClassFinder: Will scan jar C:\Users\Admin\Downloads\ProjetJmetre_Departement\departement\target\375a8c7b-e8fc-4632-bdfe-3d15018749e1\jmeter\lib\ext\ApacheJMeter_http-5.5.jar with filter ExtendsClassFilter [parents=[interface org.apache.jmeter.gui.plugin.MenuCreator], inner=false, contains=null, notContains=null]. Consider exposing JMeter plugins via META-INF/services, and add JMeter-Skip-Class-Scanning=true manifest attribute so JMeter can skip classfile scanning
2025-04-03 10:01:27,448 INFO o.a.j.r.ClassFinder: Will scan jar C:\Users\Admin\Downloads\ProjetJmetre_Departement\departement\target\375a8c7b-e8fc-4632-bdfe-3d15018749e1\jmeter\lib\ext\jmeter-plugins-webdriver-4.13.0.2.jar with filter ExtendsClassFilter [parents=[interface org.apache.jmeter.gui.plugin.MenuCreator], inner=false, contains=null, notContains=null]. Consider exposing JMeter plugins via META-INF/services, and add JMeter-Skip-Class-Scanning=true manifest attribute so JMeter can skip classfile scanning
2025-04-03 10:01:27,448 INFO o.a.j.r.ClassFinder: Will scan jar C:\Users\Admin\Downloads\ProjetJmetre_Departement\departement\target\375a8c7b-e8fc-4632-bdfe-3d15018749e1\jmeter\lib\ext\ApacheJMeter_junit-5.5.jar with filter ExtendsClassFilter [parents=[interface org.apache.jmeter.gui.plugin.MenuCreator], inner=false, contains=null, notContains=null]. Consider exposing JMeter plugins via META-INF/services, and add JMeter-Skip-Class-Scanning=true manifest attribute so JMeter can skip classfile scanning
2025-04-03 10:01:27,448 INFO o.a.j.r.ClassFinder: Will scan jar C:\Users\Admin\Downloads\ProjetJmetre_Departement\departement\target\375a8c7b-e8fc-4632-bdfe-3d15018749e1\jmeter\lib\ext\ApacheJMeter_jdbc-5.5.jar with filter ExtendsClassFilter [parents=[interface org.apache.jmeter.gui.plugin.MenuCreator], inner=false, contains=null, notContains=null]. Consider exposing JMeter plugins via META-INF/services, and add JMeter-Skip-Class-Scanning=true manifest attribute so JMeter can skip classfile scanning
2025-04-03 10:01:27,448 INFO o.a.j.r.ClassFinder: Will scan jar C:\Users\Admin\Downloads\ProjetJmetre_Departement\departement\target\375a8c7b-e8fc-4632-bdfe-3d15018749e1\jmeter\lib\ext\ApacheJMeter_native-5.5.jar with filter ExtendsClassFilter [parents=[interface org.apache.jmeter.gui.plugin.MenuCreator], inner=false, contains=null, notContains=null]. Consider exposing JMeter plugins via META-INF/services, and add JMeter-Skip-Class-Scanning=true manifest attribute so JMeter can skip classfile scanning
2025-04-03 10:01:27,451 INFO o.a.j.r.ClassFinder: Will scan jar C:\Users\Admin\Downloads\ProjetJmetre_Departement\departement\target\375a8c7b-e8fc-4632-bdfe-3d15018749e1\jmeter\lib\ext\ApacheJMeter_jms-5.5.jar with filter ExtendsClassFilter [parents=[interface org.apache.jmeter.gui.plugin.MenuCreator], inner=false, contains=null, notContains=null]. Consider exposing JMeter plugins via META-INF/services, and add JMeter-Skip-Class-Scanning=true manifest attribute so JMeter can skip classfile scanning
2025-04-03 10:01:27,451 INFO o.a.j.r.ClassFinder: Will scan jar C:\Users\Admin\Downloads\ProjetJmetre_Departement\departement\target\375a8c7b-e8fc-4632-bdfe-3d15018749e1\jmeter\lib\ext\ApacheJMeter_mail-5.5.jar with filter ExtendsClassFilter [parents=[interface org.apache.jmeter.gui.plugin.MenuCreator], inner=false, contains=null, notContains=null]. Consider exposing JMeter plugins via META-INF/services, and add JMeter-Skip-Class-Scanning=true manifest attribute so JMeter can skip classfile scanning
2025-04-03 10:01:27,451 INFO o.a.j.r.ClassFinder: Will scan jar C:\Users\Admin\Downloads\ProjetJmetre_Departement\departement\target\375a8c7b-e8fc-4632-bdfe-3d15018749e1\jmeter\lib\ext\ApacheJMeter_mongodb-5.5.jar with filter ExtendsClassFilter [parents=[interface org.apache.jmeter.gui.plugin.MenuCreator], inner=false, contains=null, notContains=null]. Consider exposing JMeter plugins via META-INF/services, and add JMeter-Skip-Class-Scanning=true manifest attribute so JMeter can skip classfile scanning
2025-04-03 10:01:27,452 INFO o.a.j.r.ClassFinder: Will scan jar C:\Users\Admin\Downloads\ProjetJmetre_Departement\departement\target\375a8c7b-e8fc-4632-bdfe-3d15018749e1\jmeter\lib\ext\ApacheJMeter_bolt-5.5.jar with filter ExtendsClassFilter [parents=[interface org.apache.jmeter.gui.plugin.MenuCreator], inner=false, contains=null, notContains=null]. Consider exposing JMeter plugins via META-INF/services, and add JMeter-Skip-Class-Scanning=true manifest attribute so JMeter can skip classfile scanning
2025-04-03 10:01:27,452 INFO o.a.j.r.ClassFinder: Will scan jar C:\Users\Admin\Downloads\ProjetJmetre_Departement\departement\target\375a8c7b-e8fc-4632-bdfe-3d15018749e1\jmeter\lib\ext\ApacheJMeter_java-5.5.jar with filter ExtendsClassFilter [parents=[interface org.apache.jmeter.gui.plugin.MenuCreator], inner=false, contains=null, notContains=null]. Consider exposing JMeter plugins via META-INF/services, and add JMeter-Skip-Class-Scanning=true manifest attribute so JMeter can skip classfile scanning
2025-04-03 10:01:52,369 INFO o.a.j.s.FileServer: Default base='C:\Users\Admin\Downloads\ProjetJmetre_Departement\departement\target\375a8c7b-e8fc-4632-bdfe-3d15018749e1\jmeter\bin'
2025-04-03 10:01:52,373 INFO o.a.j.g.a.Load: Loading file: C:\Users\Admin\Downloads\ProjetJmetre_Departement\departement\src\test\jmeter\Plan de test departements.jmx
2025-04-03 10:01:52,374 INFO o.a.j.s.FileServer: Set new base='C:\Users\Admin\Downloads\ProjetJmetre_Departement\departement\src\test\jmeter'
2025-04-03 10:01:52,680 INFO o.a.j.s.SaveService: Testplan (JMX) version: 2.2. Testlog (JTL) version: 2.2
2025-04-03 10:01:52,686 INFO o.a.j.s.SaveService: Using SaveService properties version 5.0
2025-04-03 10:01:52,687 INFO o.a.j.s.SaveService: Using SaveService properties file encoding UTF-8
2025-04-03 10:01:52,690 INFO o.a.j.s.SaveService: Loading file: C:\Users\Admin\Downloads\ProjetJmetre_Departement\departement\src\test\jmeter\Plan de test departements.jmx
2025-04-03 10:01:52,721 INFO o.a.j.p.h.s.HTTPSamplerBase: Parser for text/html is org.apache.jmeter.protocol.http.parser.LagartoBasedHtmlParser
2025-04-03 10:01:52,721 INFO o.a.j.p.h.s.HTTPSamplerBase: Parser for application/xhtml+xml is org.apache.jmeter.protocol.http.parser.LagartoBasedHtmlParser
2025-04-03 10:01:52,721 INFO o.a.j.p.h.s.HTTPSamplerBase: Parser for application/xml is org.apache.jmeter.protocol.http.parser.LagartoBasedHtmlParser
2025-04-03 10:01:52,721 INFO o.a.j.p.h.s.HTTPSamplerBase: Parser for text/xml is org.apache.jmeter.protocol.http.parser.LagartoBasedHtmlParser
2025-04-03 10:01:52,721 INFO o.a.j.p.h.s.HTTPSamplerBase: Parser for text/vnd.wap.wml is org.apache.jmeter.protocol.http.parser.RegexpHTMLParser
2025-04-03 10:01:52,721 INFO o.a.j.p.h.s.HTTPSamplerBase: Parser for text/css is org.apache.jmeter.protocol.http.parser.CssParser
2025-04-03 10:01:53,053 INFO o.a.j.s.SampleResult: Note: Sample TimeStamps are START times
2025-04-03 10:01:53,053 INFO o.a.j.s.SampleResult: sampleresult.default.encoding is set to UTF-8
2025-04-03 10:01:53,053 INFO o.a.j.s.SampleResult: sampleresult.useNanoTime=true
2025-04-03 10:01:53,053 INFO o.a.j.s.SampleResult: sampleresult.nanoThreadSleep=5000
2025-04-03 10:01:53,082 INFO o.a.j.v.ViewResultsFullVisualizer: Add JavaFX to your Java installation if you want to use renderer: org.apache.jmeter.visualizers.RenderInBrowser
2025-04-03 10:01:53,187 INFO o.a.j.s.FileServer: Set new base='C:\Users\Admin\Downloads\ProjetJmetre_Departement\departement\src\test\jmeter'
2025-04-03 10:01:57,773 INFO o.a.j.e.StandardJMeterEngine: Running the test!
2025-04-03 10:01:57,774 INFO o.a.j.s.SampleEvent: List of sample_variables: []
2025-04-03 10:01:57,774 INFO o.a.j.s.SampleEvent: List of sample_variables: []
2025-04-03 10:01:57,776 INFO o.a.j.e.u.CompoundVariable: Note: Function class names must contain the string: '.functions.'
2025-04-03 10:01:57,776 INFO o.a.j.e.u.CompoundVariable: Note: Function class names must not contain the string: '.gui.'
2025-04-03 10:01:57,778 INFO o.a.j.r.ClassFinder: Will scan jar C:\Users\Admin\Downloads\ProjetJmetre_Departement\departement\target\375a8c7b-e8fc-4632-bdfe-3d15018749e1\jmeter\lib\ext\ApacheJMeter_functions-5.5.jar with filter ExtendsClassFilter [parents=[interface org.apache.jmeter.functions.Function], inner=false, contains=null, notContains=null]. Consider exposing JMeter plugins via META-INF/services, and add JMeter-Skip-Class-Scanning=true manifest attribute so JMeter can skip classfile scanning
2025-04-03 10:01:57,780 INFO o.a.j.r.ClassFinder: Will scan jar C:\Users\Admin\Downloads\ProjetJmetre_Departement\departement\target\375a8c7b-e8fc-4632-bdfe-3d15018749e1\jmeter\lib\ext\ApacheJMeter_ldap-5.5.jar with filter ExtendsClassFilter [parents=[interface org.apache.jmeter.functions.Function], inner=false, contains=null, notContains=null]. Consider exposing JMeter plugins via META-INF/services, and add JMeter-Skip-Class-Scanning=true manifest attribute so JMeter can skip classfile scanning
2025-04-03 10:01:57,781 INFO o.a.j.r.ClassFinder: Will scan jar C:\Users\Admin\Downloads\ProjetJmetre_Departement\departement\target\375a8c7b-e8fc-4632-bdfe-3d15018749e1\jmeter\lib\ext\ApacheJMeter_components-5.5.jar with filter ExtendsClassFilter [parents=[interface org.apache.jmeter.functions.Function], inner=false, contains=null, notContains=null]. Consider exposing JMeter plugins via META-INF/services, and add JMeter-Skip-Class-Scanning=true manifest attribute so JMeter can skip classfile scanning
2025-04-03 10:01:57,783 INFO o.a.j.r.ClassFinder: Will scan jar C:\Users\Admin\Downloads\ProjetJmetre_Departement\departement\target\375a8c7b-e8fc-4632-bdfe-3d15018749e1\jmeter\lib\ext\ApacheJMeter_core-5.5.jar with filter ExtendsClassFilter [parents=[interface org.apache.jmeter.functions.Function], inner=false, contains=null, notContains=null]. Consider exposing JMeter plugins via META-INF/services, and add JMeter-Skip-Class-Scanning=true manifest attribute so JMeter can skip classfile scanning
2025-04-03 10:01:57,785 INFO o.a.j.r.ClassFinder: Will scan jar C:\Users\Admin\Downloads\ProjetJmetre_Departement\departement\target\375a8c7b-e8fc-4632-bdfe-3d15018749e1\jmeter\lib\ext\ApacheJMeter_tcp-5.5.jar with filter ExtendsClassFilter [parents=[interface org.apache.jmeter.functions.Function], inner=false, contains=null, notContains=null]. Consider exposing JMeter plugins via META-INF/services, and add JMeter-Skip-Class-Scanning=true manifest attribute so JMeter can skip classfile scanning
2025-04-03 10:01:57,787 INFO o.a.j.r.ClassFinder: Will scan jar C:\Users\Admin\Downloads\ProjetJmetre_Departement\departement\target\375a8c7b-e8fc-4632-bdfe-3d15018749e1\jmeter\lib\ext\ApacheJMeter_ftp-5.5.jar with filter ExtendsClassFilter [parents=[interface org.apache.jmeter.functions.Function], inner=false, contains=null, notContains=null]. Consider exposing JMeter plugins via META-INF/services, and add JMeter-Skip-Class-Scanning=true manifest attribute so JMeter can skip classfile scanning
2025-04-03 10:01:57,788 INFO o.a.j.r.ClassFinder: Will scan jar C:\Users\Admin\Downloads\ProjetJmetre_Departement\departement\target\375a8c7b-e8fc-4632-bdfe-3d15018749e1\jmeter\lib\ext\ApacheJMeter_http-5.5.jar with filter ExtendsClassFilter [parents=[interface org.apache.jmeter.functions.Function], inner=false, contains=null, notContains=null]. Consider exposing JMeter plugins via META-INF/services, and add JMeter-Skip-Class-Scanning=true manifest attribute so JMeter can skip classfile scanning
2025-04-03 10:01:57,791 INFO o.a.j.r.ClassFinder: Will scan jar C:\Users\Admin\Downloads\ProjetJmetre_Departement\departement\target\375a8c7b-e8fc-4632-bdfe-3d15018749e1\jmeter\lib\ext\jmeter-plugins-webdriver-4.13.0.2.jar with filter ExtendsClassFilter [parents=[interface org.apache.jmeter.functions.Function], inner=false, contains=null, notContains=null]. Consider exposing JMeter plugins via META-INF/services, and add JMeter-Skip-Class-Scanning=true manifest attribute so JMeter can skip classfile scanning
2025-04-03 10:01:57,792 INFO o.a.j.r.ClassFinder: Will scan jar C:\Users\Admin\Downloads\ProjetJmetre_Departement\departement\target\375a8c7b-e8fc-4632-bdfe-3d15018749e1\jmeter\lib\ext\ApacheJMeter_junit-5.5.jar with filter ExtendsClassFilter [parents=[interface org.apache.jmeter.functions.Function], inner=false, contains=null, notContains=null]. Consider exposing JMeter plugins via META-INF/services, and add JMeter-Skip-Class-Scanning=true manifest attribute so JMeter can skip classfile scanning
2025-04-03 10:01:57,792 INFO o.a.j.r.ClassFinder: Will scan jar C:\Users\Admin\Downloads\ProjetJmetre_Departement\departement\target\375a8c7b-e8fc-4632-bdfe-3d15018749e1\jmeter\lib\ext\ApacheJMeter_jdbc-5.5.jar with filter ExtendsClassFilter [parents=[interface org.apache.jmeter.functions.Function], inner=false, contains=null, notContains=null]. Consider exposing JMeter plugins via META-INF/services, and add JMeter-Skip-Class-Scanning=true manifest attribute so JMeter can skip classfile scanning
2025-04-03 10:01:57,793 INFO o.a.j.r.ClassFinder: Will scan jar C:\Users\Admin\Downloads\ProjetJmetre_Departement\departement\target\375a8c7b-e8fc-4632-bdfe-3d15018749e1\jmeter\lib\ext\ApacheJMeter_native-5.5.jar with filter ExtendsClassFilter [parents=[interface org.apache.jmeter.functions.Function], inner=false, contains=null, notContains=null]. Consider exposing JMeter plugins via META-INF/services, and add JMeter-Skip-Class-Scanning=true manifest attribute so JMeter can skip classfile scanning
2025-04-03 10:01:57,794 INFO o.a.j.r.ClassFinder: Will scan jar C:\Users\Admin\Downloads\ProjetJmetre_Departement\departement\target\375a8c7b-e8fc-4632-bdfe-3d15018749e1\jmeter\lib\ext\ApacheJMeter_jms-5.5.jar with filter ExtendsClassFilter [parents=[interface org.apache.jmeter.functions.Function], inner=false, contains=null, notContains=null]. Consider exposing JMeter plugins via META-INF/services, and add JMeter-Skip-Class-Scanning=true manifest attribute so JMeter can skip classfile scanning
2025-04-03 10:01:57,794 INFO o.a.j.r.ClassFinder: Will scan jar C:\Users\Admin\Downloads\ProjetJmetre_Departement\departement\target\375a8c7b-e8fc-4632-bdfe-3d15018749e1\jmeter\lib\ext\ApacheJMeter_mail-5.5.jar with filter ExtendsClassFilter [parents=[interface org.apache.jmeter.functions.Function], inner=false, contains=null, notContains=null]. Consider exposing JMeter plugins via META-INF/services, and add JMeter-Skip-Class-Scanning=true manifest attribute so JMeter can skip classfile scanning
2025-04-03 10:01:57,796 INFO o.a.j.r.ClassFinder: Will scan jar C:\Users\Admin\Downloads\ProjetJmetre_Departement\departement\target\375a8c7b-e8fc-4632-bdfe-3d15018749e1\jmeter\lib\ext\ApacheJMeter_mongodb-5.5.jar with filter ExtendsClassFilter [parents=[interface org.apache.jmeter.functions.Function], inner=false, contains=null, notContains=null]. Consider exposing JMeter plugins via META-INF/services, and add JMeter-Skip-Class-Scanning=true manifest attribute so JMeter can skip classfile scanning
2025-04-03 10:01:57,797 INFO o.a.j.r.ClassFinder: Will scan jar C:\Users\Admin\Downloads\ProjetJmetre_Departement\departement\target\375a8c7b-e8fc-4632-bdfe-3d15018749e1\jmeter\lib\ext\ApacheJMeter_bolt-5.5.jar with filter ExtendsClassFilter [parents=[interface org.apache.jmeter.functions.Function], inner=false, contains=null, notContains=null]. Consider exposing JMeter plugins via META-INF/services, and add JMeter-Skip-Class-Scanning=true manifest attribute so JMeter can skip classfile scanning
2025-04-03 10:01:57,798 INFO o.a.j.r.ClassFinder: Will scan jar C:\Users\Admin\Downloads\ProjetJmetre_Departement\departement\target\375a8c7b-e8fc-4632-bdfe-3d15018749e1\jmeter\lib\ext\ApacheJMeter_java-5.5.jar with filter ExtendsClassFilter [parents=[interface org.apache.jmeter.functions.Function], inner=false, contains=null, notContains=null]. Consider exposing JMeter plugins via META-INF/services, and add JMeter-Skip-Class-Scanning=true manifest attribute so JMeter can skip classfile scanning
2025-04-03 10:01:57,865 INFO o.a.j.g.u.JMeterMenuBar: setRunning(true, *local*)
2025-04-03 10:01:57,921 INFO o.a.j.e.StandardJMeterEngine: Starting ThreadGroup: 1 : Groupe d'unités Dep_Api
2025-04-03 10:01:57,923 INFO o.a.j.e.StandardJMeterEngine: Starting 1 threads for group Groupe d'unités Dep_Api.
2025-04-03 10:01:57,924 INFO o.a.j.e.StandardJMeterEngine: Thread will continue on error
2025-04-03 10:01:57,925 INFO o.a.j.t.ThreadGroup: Starting thread group... number=1 threads=1 ramp-up=1 delayedStart=false
2025-04-03 10:01:57,928 INFO o.a.j.t.ThreadGroup: Started thread group number 1
2025-04-03 10:01:57,929 INFO o.a.j.e.StandardJMeterEngine: Starting ThreadGroup: 2 : Groupe d'unités Dep_BDD
2025-04-03 10:01:57,929 INFO o.a.j.e.StandardJMeterEngine: Starting 1 threads for group Groupe d'unités Dep_BDD.
2025-04-03 10:01:57,929 INFO o.a.j.e.StandardJMeterEngine: Thread will continue on error
2025-04-03 10:01:57,929 INFO o.a.j.t.ThreadGroup: Starting thread group... number=2 threads=1 ramp-up=1 delayedStart=false
2025-04-03 10:01:57,931 INFO o.a.j.t.ThreadGroup: Started thread group number 2
2025-04-03 10:01:57,931 INFO o.a.j.e.StandardJMeterEngine: All thread groups have been started
2025-04-03 10:01:57,936 INFO o.a.j.t.JMeterThread: Thread started: Groupe d'unités Dep_BDD 2-1
2025-04-03 10:01:57,936 INFO o.a.j.t.JMeterThread: Thread started: Groupe d'unités Dep_Api 1-1
2025-04-03 10:01:57,973 INFO o.a.j.p.h.s.HTTPHCAbstractImpl: Local host = DESKTOP-GC5LS2P
2025-04-03 10:01:57,993 INFO o.a.j.p.h.s.HTTPHC4Impl: HTTP request retry count = 0
2025-04-03 10:01:58,258 INFO o.a.j.t.JMeterThread: Thread is done: Groupe d'unités Dep_Api 1-1
2025-04-03 10:01:58,258 INFO o.a.j.t.JMeterThread: Thread finished: Groupe d'unités Dep_Api 1-1
2025-04-03 10:02:00,211 INFO o.a.j.t.JMeterThread: Thread is done: Groupe d'unités Dep_BDD 2-1
2025-04-03 10:02:00,211 INFO o.a.j.t.JMeterThread: Thread finished: Groupe d'unités Dep_BDD 2-1
2025-04-03 10:02:00,211 INFO o.a.j.e.StandardJMeterEngine: Notifying test listeners of end of test
2025-04-03 10:02:00,213 INFO o.a.j.g.u.JMeterMenuBar: setRunning(false, *local*)
2025-04-03 11:59:06,590 INFO o.a.j.e.StandardJMeterEngine: Running the test!
2025-04-03 11:59:06,600 INFO o.a.j.s.SampleEvent: List of sample_variables: []
2025-04-03 11:59:06,601 INFO o.a.j.g.u.JMeterMenuBar: setRunning(true, *local*)
2025-04-03 11:59:06,700 INFO o.a.j.e.StandardJMeterEngine: Starting ThreadGroup: 1 : Groupe d'unités Dep_Api
2025-04-03 11:59:06,700 INFO o.a.j.e.StandardJMeterEngine: Starting 1 threads for group Groupe d'unités Dep_Api.
2025-04-03 11:59:06,700 INFO o.a.j.e.StandardJMeterEngine: Thread will continue on error
2025-04-03 11:59:06,700 INFO o.a.j.t.ThreadGroup: Starting thread group... number=1 threads=1 ramp-up=1 delayedStart=false
2025-04-03 11:59:06,702 INFO o.a.j.t.ThreadGroup: Started thread group number 1
2025-04-03 11:59:06,702 INFO o.a.j.e.StandardJMeterEngine: Starting ThreadGroup: 2 : Groupe d'unités Dep_BDD
2025-04-03 11:59:06,702 INFO o.a.j.e.StandardJMeterEngine: Starting 1 threads for group Groupe d'unités Dep_BDD.
2025-04-03 11:59:06,702 INFO o.a.j.e.StandardJMeterEngine: Thread will continue on error
2025-04-03 11:59:06,702 INFO o.a.j.t.ThreadGroup: Starting thread group... number=2 threads=1 ramp-up=1 delayedStart=false
2025-04-03 11:59:06,702 INFO o.a.j.t.ThreadGroup: Started thread group number 2
2025-04-03 11:59:06,702 INFO o.a.j.e.StandardJMeterEngine: All thread groups have been started
2025-04-03 11:59:06,704 INFO o.a.j.t.JMeterThread: Thread started: Groupe d'unités Dep_BDD 2-1
2025-04-03 11:59:06,704 INFO o.a.j.t.JMeterThread: Thread started: Groupe d'unités Dep_Api 1-1
2025-04-03 11:59:06,752 INFO o.a.j.t.JMeterThread: Thread is done: Groupe d'unités Dep_Api 1-1
2025-04-03 11:59:06,752 INFO o.a.j.t.JMeterThread: Thread finished: Groupe d'unités Dep_Api 1-1
2025-04-03 11:59:08,451 INFO o.a.j.t.JMeterThread: Thread is done: Groupe d'unités Dep_BDD 2-1
2025-04-03 11:59:08,453 INFO o.a.j.t.JMeterThread: Thread finished: Groupe d'unités Dep_BDD 2-1
2025-04-03 11:59:08,453 INFO o.a.j.e.StandardJMeterEngine: Notifying test listeners of end of test
2025-04-03 11:59:08,453 INFO o.a.j.g.u.JMeterMenuBar: setRunning(false, *local*)
2025-04-03 11:59:25,782 INFO o.a.j.e.StandardJMeterEngine: Running the test!
2025-04-03 11:59:25,783 INFO o.a.j.s.SampleEvent: List of sample_variables: []
2025-04-03 11:59:25,784 INFO o.a.j.g.u.JMeterMenuBar: setRunning(true, *local*)
2025-04-03 11:59:25,849 INFO o.a.j.e.StandardJMeterEngine: Starting ThreadGroup: 1 : Groupe d'unités Dep_Api
2025-04-03 11:59:25,849 INFO o.a.j.e.StandardJMeterEngine: Starting 1 threads for group Groupe d'unités Dep_Api.
2025-04-03 11:59:25,849 INFO o.a.j.e.StandardJMeterEngine: Thread will continue on error
2025-04-03 11:59:25,849 INFO o.a.j.t.ThreadGroup: Starting thread group... number=1 threads=1 ramp-up=1 delayedStart=false
2025-04-03 11:59:25,850 INFO o.a.j.t.ThreadGroup: Started thread group number 1
2025-04-03 11:59:25,850 INFO o.a.j.e.StandardJMeterEngine: Starting ThreadGroup: 2 : Groupe d'unités Dep_BDD
2025-04-03 11:59:25,850 INFO o.a.j.e.StandardJMeterEngine: Starting 1 threads for group Groupe d'unités Dep_BDD.
2025-04-03 11:59:25,851 INFO o.a.j.e.StandardJMeterEngine: Thread will continue on error
2025-04-03 11:59:25,851 INFO o.a.j.t.JMeterThread: Thread started: Groupe d'unités Dep_Api 1-1
2025-04-03 11:59:25,851 INFO o.a.j.t.ThreadGroup: Starting thread group... number=2 threads=1 ramp-up=1 delayedStart=false
2025-04-03 11:59:25,851 INFO o.a.j.t.ThreadGroup: Started thread group number 2
2025-04-03 11:59:25,851 INFO o.a.j.e.StandardJMeterEngine: All thread groups have been started
2025-04-03 11:59:25,851 INFO o.a.j.t.JMeterThread: Thread started: Groupe d'unités Dep_BDD 2-1
2025-04-03 11:59:25,874 INFO o.a.j.t.JMeterThread: Thread is done: Groupe d'unités Dep_Api 1-1
2025-04-03 11:59:25,874 INFO o.a.j.t.JMeterThread: Thread finished: Groupe d'unités Dep_Api 1-1
2025-04-03 11:59:27,281 INFO o.a.j.t.JMeterThread: Thread is done: Groupe d'unités Dep_BDD 2-1
2025-04-03 11:59:27,281 INFO o.a.j.t.JMeterThread: Thread finished: Groupe d'unités Dep_BDD 2-1
2025-04-03 11:59:27,281 INFO o.a.j.e.StandardJMeterEngine: Notifying test listeners of end of test
2025-04-03 11:59:27,283 INFO o.a.j.g.u.JMeterMenuBar: setRunning(false, *local*)
