2025-04-03 13:12:58,365 INFO o.a.j.u.JMeterUtils: Setting Locale to fr_FR
2025-04-03 13:12:58,398 INFO o.a.j.u.JMeterUtils: Could not find resources for 'fr_FR', using 'fr'
2025-04-03 13:12:58,399 INFO o.a.j.JMeter: Loading system properties from: system.properties
2025-04-03 13:12:58,409 INFO o.a.j.JMeter: Copyright (c) 1998-2024 The Apache Software Foundation
2025-04-03 13:12:58,409 INFO o.a.j.JMeter: Version 5.6.3
2025-04-03 13:12:58,409 INFO o.a.j.JMeter: java.version=23.0.2
2025-04-03 13:12:58,409 INFO o.a.j.JMeter: java.vm.name=Java HotSpot(TM) 64-Bit Server VM
2025-04-03 13:12:58,409 INFO o.a.j.JMeter: os.name=Windows 11
2025-04-03 13:12:58,409 INFO o.a.j.JMeter: os.arch=amd64
2025-04-03 13:12:58,409 INFO o.a.j.JMeter: os.version=10.0
2025-04-03 13:12:58,415 INFO o.a.j.JMeter: file.encoding=UTF-8
2025-04-03 13:12:58,415 INFO o.a.j.JMeter: java.awt.headless=null
2025-04-03 13:12:58,415 INFO o.a.j.JMeter: Max memory     =536870912
2025-04-03 13:12:58,415 INFO o.a.j.JMeter: Available Processors =8
2025-04-03 13:12:58,432 INFO o.a.j.JMeter: Default Locale=français (France)
2025-04-03 13:12:58,432 INFO o.a.j.JMeter: JMeter  Locale=français (France)
2025-04-03 13:12:58,433 INFO o.a.j.JMeter: JMeterHome=C:\Users\Admin\Downloads\ProjetJmetre_Departement\departement\target\183d5854-d078-4e7d-9d78-890a003cc1dd\jmeter
2025-04-03 13:12:58,433 INFO o.a.j.JMeter: user.dir  =C:\Users\Admin\Downloads\ProjetJmetre_Departement\departement\target\183d5854-d078-4e7d-9d78-890a003cc1dd\jmeter\bin
2025-04-03 13:12:58,434 INFO o.a.j.JMeter: PWD       =C:\Users\Admin\Downloads\ProjetJmetre_Departement\departement\target\183d5854-d078-4e7d-9d78-890a003cc1dd\jmeter\bin
2025-04-03 13:12:58,451 INFO o.a.j.JMeter: IP: 192.168.1.55 Name: DESKTOP-GC5LS2P FullName: DESKTOP-GC5LS2P.lan
2025-04-03 13:12:58,469 INFO o.a.j.JMeter: Loaded icon properties from org/apache/jmeter/images/icon.properties
2025-04-03 13:12:58,918 INFO o.a.j.JMeterGuiLauncher: Setting LAF to: com.github.weisj.darklaf.DarkLaf:com.github.weisj.darklaf.theme.DarculaTheme
2025-04-03 13:13:00,860 INFO o.a.j.r.ClassFinder: Will scan jar C:\Users\Admin\Downloads\ProjetJmetre_Departement\departement\target\183d5854-d078-4e7d-9d78-890a003cc1dd\jmeter\lib\ext\ApacheJMeter_functions-5.5.jar with filter ExtendsClassFilter [parents=[interface org.apache.jmeter.gui.action.Command], inner=false, contains=null, notContains=null]. Consider exposing JMeter plugins via META-INF/services, and add JMeter-Skip-Class-Scanning=true manifest attribute so JMeter can skip classfile scanning
2025-04-03 13:13:00,885 INFO o.a.j.r.ClassFinder: Will scan jar C:\Users\Admin\Downloads\ProjetJmetre_Departement\departement\target\183d5854-d078-4e7d-9d78-890a003cc1dd\jmeter\lib\ext\ApacheJMeter_core-5.5.jar with filter ExtendsClassFilter [parents=[interface org.apache.jmeter.gui.action.Command], inner=false, contains=null, notContains=null]. Consider exposing JMeter plugins via META-INF/services, and add JMeter-Skip-Class-Scanning=true manifest attribute so JMeter can skip classfile scanning
2025-04-03 13:13:01,020 INFO o.a.j.r.ClassFinder: Will scan jar C:\Users\Admin\Downloads\ProjetJmetre_Departement\departement\target\183d5854-d078-4e7d-9d78-890a003cc1dd\jmeter\lib\ext\ApacheJMeter_mail-5.5.jar with filter ExtendsClassFilter [parents=[interface org.apache.jmeter.gui.action.Command], inner=false, contains=null, notContains=null]. Consider exposing JMeter plugins via META-INF/services, and add JMeter-Skip-Class-Scanning=true manifest attribute so JMeter can skip classfile scanning
2025-04-03 13:13:01,030 INFO o.a.j.r.ClassFinder: Will scan jar C:\Users\Admin\Downloads\ProjetJmetre_Departement\departement\target\183d5854-d078-4e7d-9d78-890a003cc1dd\jmeter\lib\ext\ApacheJMeter_junit-5.5.jar with filter ExtendsClassFilter [parents=[interface org.apache.jmeter.gui.action.Command], inner=false, contains=null, notContains=null]. Consider exposing JMeter plugins via META-INF/services, and add JMeter-Skip-Class-Scanning=true manifest attribute so JMeter can skip classfile scanning
2025-04-03 13:13:01,033 INFO o.a.j.r.ClassFinder: Will scan jar C:\Users\Admin\Downloads\ProjetJmetre_Departement\departement\target\183d5854-d078-4e7d-9d78-890a003cc1dd\jmeter\lib\ext\ApacheJMeter_bolt-5.5.jar with filter ExtendsClassFilter [parents=[interface org.apache.jmeter.gui.action.Command], inner=false, contains=null, notContains=null]. Consider exposing JMeter plugins via META-INF/services, and add JMeter-Skip-Class-Scanning=true manifest attribute so JMeter can skip classfile scanning
2025-04-03 13:13:01,036 INFO o.a.j.r.ClassFinder: Will scan jar C:\Users\Admin\Downloads\ProjetJmetre_Departement\departement\target\183d5854-d078-4e7d-9d78-890a003cc1dd\jmeter\lib\ext\ApacheJMeter_ldap-5.5.jar with filter ExtendsClassFilter [parents=[interface org.apache.jmeter.gui.action.Command], inner=false, contains=null, notContains=null]. Consider exposing JMeter plugins via META-INF/services, and add JMeter-Skip-Class-Scanning=true manifest attribute so JMeter can skip classfile scanning
2025-04-03 13:13:01,044 INFO o.a.j.r.ClassFinder: Will scan jar C:\Users\Admin\Downloads\ProjetJmetre_Departement\departement\target\183d5854-d078-4e7d-9d78-890a003cc1dd\jmeter\lib\ext\ApacheJMeter_jms-5.5.jar with filter ExtendsClassFilter [parents=[interface org.apache.jmeter.gui.action.Command], inner=false, contains=null, notContains=null]. Consider exposing JMeter plugins via META-INF/services, and add JMeter-Skip-Class-Scanning=true manifest attribute so JMeter can skip classfile scanning
2025-04-03 13:13:01,058 INFO o.a.j.r.ClassFinder: Will scan jar C:\Users\Admin\Downloads\ProjetJmetre_Departement\departement\target\183d5854-d078-4e7d-9d78-890a003cc1dd\jmeter\lib\ext\ApacheJMeter_http-5.5.jar with filter ExtendsClassFilter [parents=[interface org.apache.jmeter.gui.action.Command], inner=false, contains=null, notContains=null]. Consider exposing JMeter plugins via META-INF/services, and add JMeter-Skip-Class-Scanning=true manifest attribute so JMeter can skip classfile scanning
2025-04-03 13:13:01,162 INFO o.a.j.r.ClassFinder: Will scan jar C:\Users\Admin\Downloads\ProjetJmetre_Departement\departement\target\183d5854-d078-4e7d-9d78-890a003cc1dd\jmeter\lib\ext\ApacheJMeter_ftp-5.5.jar with filter ExtendsClassFilter [parents=[interface org.apache.jmeter.gui.action.Command], inner=false, contains=null, notContains=null]. Consider exposing JMeter plugins via META-INF/services, and add JMeter-Skip-Class-Scanning=true manifest attribute so JMeter can skip classfile scanning
2025-04-03 13:13:01,165 INFO o.a.j.r.ClassFinder: Will scan jar C:\Users\Admin\Downloads\ProjetJmetre_Departement\departement\target\183d5854-d078-4e7d-9d78-890a003cc1dd\jmeter\lib\ext\ApacheJMeter_native-5.5.jar with filter ExtendsClassFilter [parents=[interface org.apache.jmeter.gui.action.Command], inner=false, contains=null, notContains=null]. Consider exposing JMeter plugins via META-INF/services, and add JMeter-Skip-Class-Scanning=true manifest attribute so JMeter can skip classfile scanning
2025-04-03 13:13:01,167 INFO o.a.j.r.ClassFinder: Will scan jar C:\Users\Admin\Downloads\ProjetJmetre_Departement\departement\target\183d5854-d078-4e7d-9d78-890a003cc1dd\jmeter\lib\ext\ApacheJMeter_jdbc-5.5.jar with filter ExtendsClassFilter [parents=[interface org.apache.jmeter.gui.action.Command], inner=false, contains=null, notContains=null]. Consider exposing JMeter plugins via META-INF/services, and add JMeter-Skip-Class-Scanning=true manifest attribute so JMeter can skip classfile scanning
2025-04-03 13:13:01,171 INFO o.a.j.r.ClassFinder: Will scan jar C:\Users\Admin\Downloads\ProjetJmetre_Departement\departement\target\183d5854-d078-4e7d-9d78-890a003cc1dd\jmeter\lib\ext\ApacheJMeter_java-5.5.jar with filter ExtendsClassFilter [parents=[interface org.apache.jmeter.gui.action.Command], inner=false, contains=null, notContains=null]. Consider exposing JMeter plugins via META-INF/services, and add JMeter-Skip-Class-Scanning=true manifest attribute so JMeter can skip classfile scanning
2025-04-03 13:13:01,177 INFO o.a.j.r.ClassFinder: Will scan jar C:\Users\Admin\Downloads\ProjetJmetre_Departement\departement\target\183d5854-d078-4e7d-9d78-890a003cc1dd\jmeter\lib\ext\ApacheJMeter_tcp-5.5.jar with filter ExtendsClassFilter [parents=[interface org.apache.jmeter.gui.action.Command], inner=false, contains=null, notContains=null]. Consider exposing JMeter plugins via META-INF/services, and add JMeter-Skip-Class-Scanning=true manifest attribute so JMeter can skip classfile scanning
2025-04-03 13:13:01,182 INFO o.a.j.r.ClassFinder: Will scan jar C:\Users\Admin\Downloads\ProjetJmetre_Departement\departement\target\183d5854-d078-4e7d-9d78-890a003cc1dd\jmeter\lib\ext\ApacheJMeter_mongodb-5.5.jar with filter ExtendsClassFilter [parents=[interface org.apache.jmeter.gui.action.Command], inner=false, contains=null, notContains=null]. Consider exposing JMeter plugins via META-INF/services, and add JMeter-Skip-Class-Scanning=true manifest attribute so JMeter can skip classfile scanning
2025-04-03 13:13:01,188 INFO o.a.j.r.ClassFinder: Will scan jar C:\Users\Admin\Downloads\ProjetJmetre_Departement\departement\target\183d5854-d078-4e7d-9d78-890a003cc1dd\jmeter\lib\ext\ApacheJMeter_components-5.5.jar with filter ExtendsClassFilter [parents=[interface org.apache.jmeter.gui.action.Command], inner=false, contains=null, notContains=null]. Consider exposing JMeter plugins via META-INF/services, and add JMeter-Skip-Class-Scanning=true manifest attribute so JMeter can skip classfile scanning
2025-04-03 13:13:01,270 INFO o.a.j.r.ClassFinder: Will scan jar C:\Users\Admin\Downloads\ProjetJmetre_Departement\departement\target\183d5854-d078-4e7d-9d78-890a003cc1dd\jmeter\lib\ext\jmeter-plugins-webdriver-4.13.0.2.jar with filter ExtendsClassFilter [parents=[interface org.apache.jmeter.gui.action.Command], inner=false, contains=null, notContains=null]. Consider exposing JMeter plugins via META-INF/services, and add JMeter-Skip-Class-Scanning=true manifest attribute so JMeter can skip classfile scanning
2025-04-03 13:13:01,850 INFO o.a.j.r.ClassFinder: Will scan jar C:\Users\Admin\Downloads\ProjetJmetre_Departement\departement\target\183d5854-d078-4e7d-9d78-890a003cc1dd\jmeter\lib\ext\ApacheJMeter_functions-5.5.jar with filter ExtendsClassFilter [parents=[interface org.apache.jmeter.gui.plugin.MenuCreator], inner=false, contains=null, notContains=null]. Consider exposing JMeter plugins via META-INF/services, and add JMeter-Skip-Class-Scanning=true manifest attribute so JMeter can skip classfile scanning
2025-04-03 13:13:01,852 INFO o.a.j.r.ClassFinder: Will scan jar C:\Users\Admin\Downloads\ProjetJmetre_Departement\departement\target\183d5854-d078-4e7d-9d78-890a003cc1dd\jmeter\lib\ext\ApacheJMeter_core-5.5.jar with filter ExtendsClassFilter [parents=[interface org.apache.jmeter.gui.plugin.MenuCreator], inner=false, contains=null, notContains=null]. Consider exposing JMeter plugins via META-INF/services, and add JMeter-Skip-Class-Scanning=true manifest attribute so JMeter can skip classfile scanning
2025-04-03 13:13:01,854 INFO o.a.j.r.ClassFinder: Will scan jar C:\Users\Admin\Downloads\ProjetJmetre_Departement\departement\target\183d5854-d078-4e7d-9d78-890a003cc1dd\jmeter\lib\ext\ApacheJMeter_mail-5.5.jar with filter ExtendsClassFilter [parents=[interface org.apache.jmeter.gui.plugin.MenuCreator], inner=false, contains=null, notContains=null]. Consider exposing JMeter plugins via META-INF/services, and add JMeter-Skip-Class-Scanning=true manifest attribute so JMeter can skip classfile scanning
2025-04-03 13:13:01,855 INFO o.a.j.r.ClassFinder: Will scan jar C:\Users\Admin\Downloads\ProjetJmetre_Departement\departement\target\183d5854-d078-4e7d-9d78-890a003cc1dd\jmeter\lib\ext\ApacheJMeter_junit-5.5.jar with filter ExtendsClassFilter [parents=[interface org.apache.jmeter.gui.plugin.MenuCreator], inner=false, contains=null, notContains=null]. Consider exposing JMeter plugins via META-INF/services, and add JMeter-Skip-Class-Scanning=true manifest attribute so JMeter can skip classfile scanning
2025-04-03 13:13:01,855 INFO o.a.j.r.ClassFinder: Will scan jar C:\Users\Admin\Downloads\ProjetJmetre_Departement\departement\target\183d5854-d078-4e7d-9d78-890a003cc1dd\jmeter\lib\ext\ApacheJMeter_bolt-5.5.jar with filter ExtendsClassFilter [parents=[interface org.apache.jmeter.gui.plugin.MenuCreator], inner=false, contains=null, notContains=null]. Consider exposing JMeter plugins via META-INF/services, and add JMeter-Skip-Class-Scanning=true manifest attribute so JMeter can skip classfile scanning
2025-04-03 13:13:01,855 INFO o.a.j.r.ClassFinder: Will scan jar C:\Users\Admin\Downloads\ProjetJmetre_Departement\departement\target\183d5854-d078-4e7d-9d78-890a003cc1dd\jmeter\lib\ext\ApacheJMeter_ldap-5.5.jar with filter ExtendsClassFilter [parents=[interface org.apache.jmeter.gui.plugin.MenuCreator], inner=false, contains=null, notContains=null]. Consider exposing JMeter plugins via META-INF/services, and add JMeter-Skip-Class-Scanning=true manifest attribute so JMeter can skip classfile scanning
2025-04-03 13:13:01,856 INFO o.a.j.r.ClassFinder: Will scan jar C:\Users\Admin\Downloads\ProjetJmetre_Departement\departement\target\183d5854-d078-4e7d-9d78-890a003cc1dd\jmeter\lib\ext\ApacheJMeter_jms-5.5.jar with filter ExtendsClassFilter [parents=[interface org.apache.jmeter.gui.plugin.MenuCreator], inner=false, contains=null, notContains=null]. Consider exposing JMeter plugins via META-INF/services, and add JMeter-Skip-Class-Scanning=true manifest attribute so JMeter can skip classfile scanning
2025-04-03 13:13:01,856 INFO o.a.j.r.ClassFinder: Will scan jar C:\Users\Admin\Downloads\ProjetJmetre_Departement\departement\target\183d5854-d078-4e7d-9d78-890a003cc1dd\jmeter\lib\ext\ApacheJMeter_http-5.5.jar with filter ExtendsClassFilter [parents=[interface org.apache.jmeter.gui.plugin.MenuCreator], inner=false, contains=null, notContains=null]. Consider exposing JMeter plugins via META-INF/services, and add JMeter-Skip-Class-Scanning=true manifest attribute so JMeter can skip classfile scanning
2025-04-03 13:13:01,857 INFO o.a.j.r.ClassFinder: Will scan jar C:\Users\Admin\Downloads\ProjetJmetre_Departement\departement\target\183d5854-d078-4e7d-9d78-890a003cc1dd\jmeter\lib\ext\ApacheJMeter_ftp-5.5.jar with filter ExtendsClassFilter [parents=[interface org.apache.jmeter.gui.plugin.MenuCreator], inner=false, contains=null, notContains=null]. Consider exposing JMeter plugins via META-INF/services, and add JMeter-Skip-Class-Scanning=true manifest attribute so JMeter can skip classfile scanning
2025-04-03 13:13:01,857 INFO o.a.j.r.ClassFinder: Will scan jar C:\Users\Admin\Downloads\ProjetJmetre_Departement\departement\target\183d5854-d078-4e7d-9d78-890a003cc1dd\jmeter\lib\ext\ApacheJMeter_native-5.5.jar with filter ExtendsClassFilter [parents=[interface org.apache.jmeter.gui.plugin.MenuCreator], inner=false, contains=null, notContains=null]. Consider exposing JMeter plugins via META-INF/services, and add JMeter-Skip-Class-Scanning=true manifest attribute so JMeter can skip classfile scanning
2025-04-03 13:13:01,858 INFO o.a.j.r.ClassFinder: Will scan jar C:\Users\Admin\Downloads\ProjetJmetre_Departement\departement\target\183d5854-d078-4e7d-9d78-890a003cc1dd\jmeter\lib\ext\ApacheJMeter_jdbc-5.5.jar with filter ExtendsClassFilter [parents=[interface org.apache.jmeter.gui.plugin.MenuCreator], inner=false, contains=null, notContains=null]. Consider exposing JMeter plugins via META-INF/services, and add JMeter-Skip-Class-Scanning=true manifest attribute so JMeter can skip classfile scanning
2025-04-03 13:13:01,860 INFO o.a.j.r.ClassFinder: Will scan jar C:\Users\Admin\Downloads\ProjetJmetre_Departement\departement\target\183d5854-d078-4e7d-9d78-890a003cc1dd\jmeter\lib\ext\ApacheJMeter_java-5.5.jar with filter ExtendsClassFilter [parents=[interface org.apache.jmeter.gui.plugin.MenuCreator], inner=false, contains=null, notContains=null]. Consider exposing JMeter plugins via META-INF/services, and add JMeter-Skip-Class-Scanning=true manifest attribute so JMeter can skip classfile scanning
2025-04-03 13:13:01,860 INFO o.a.j.r.ClassFinder: Will scan jar C:\Users\Admin\Downloads\ProjetJmetre_Departement\departement\target\183d5854-d078-4e7d-9d78-890a003cc1dd\jmeter\lib\ext\ApacheJMeter_tcp-5.5.jar with filter ExtendsClassFilter [parents=[interface org.apache.jmeter.gui.plugin.MenuCreator], inner=false, contains=null, notContains=null]. Consider exposing JMeter plugins via META-INF/services, and add JMeter-Skip-Class-Scanning=true manifest attribute so JMeter can skip classfile scanning
2025-04-03 13:13:01,861 INFO o.a.j.r.ClassFinder: Will scan jar C:\Users\Admin\Downloads\ProjetJmetre_Departement\departement\target\183d5854-d078-4e7d-9d78-890a003cc1dd\jmeter\lib\ext\ApacheJMeter_mongodb-5.5.jar with filter ExtendsClassFilter [parents=[interface org.apache.jmeter.gui.plugin.MenuCreator], inner=false, contains=null, notContains=null]. Consider exposing JMeter plugins via META-INF/services, and add JMeter-Skip-Class-Scanning=true manifest attribute so JMeter can skip classfile scanning
2025-04-03 13:13:01,861 INFO o.a.j.r.ClassFinder: Will scan jar C:\Users\Admin\Downloads\ProjetJmetre_Departement\departement\target\183d5854-d078-4e7d-9d78-890a003cc1dd\jmeter\lib\ext\ApacheJMeter_components-5.5.jar with filter ExtendsClassFilter [parents=[interface org.apache.jmeter.gui.plugin.MenuCreator], inner=false, contains=null, notContains=null]. Consider exposing JMeter plugins via META-INF/services, and add JMeter-Skip-Class-Scanning=true manifest attribute so JMeter can skip classfile scanning
2025-04-03 13:13:01,862 INFO o.a.j.r.ClassFinder: Will scan jar C:\Users\Admin\Downloads\ProjetJmetre_Departement\departement\target\183d5854-d078-4e7d-9d78-890a003cc1dd\jmeter\lib\ext\jmeter-plugins-webdriver-4.13.0.2.jar with filter ExtendsClassFilter [parents=[interface org.apache.jmeter.gui.plugin.MenuCreator], inner=false, contains=null, notContains=null]. Consider exposing JMeter plugins via META-INF/services, and add JMeter-Skip-Class-Scanning=true manifest attribute so JMeter can skip classfile scanning
2025-04-03 13:13:34,655 INFO o.a.j.s.FileServer: Default base='C:\Users\Admin\Downloads\ProjetJmetre_Departement\departement\target\183d5854-d078-4e7d-9d78-890a003cc1dd\jmeter\bin'
2025-04-03 13:13:34,660 INFO o.a.j.g.a.Load: Loading file: C:\Users\Admin\Downloads\ProjetJmetre_Departement\departement\src\test\jmeter\Plan de test departements.jmx
2025-04-03 13:13:34,660 INFO o.a.j.s.FileServer: Set new base='C:\Users\Admin\Downloads\ProjetJmetre_Departement\departement\src\test\jmeter'
2025-04-03 13:13:35,089 INFO o.a.j.s.SaveService: Testplan (JMX) version: 2.2. Testlog (JTL) version: 2.2
2025-04-03 13:13:35,105 INFO o.a.j.s.SaveService: Using SaveService properties version 5.0
2025-04-03 13:13:35,121 INFO o.a.j.s.SaveService: Using SaveService properties file encoding UTF-8
2025-04-03 13:13:35,121 INFO o.a.j.s.SaveService: Loading file: C:\Users\Admin\Downloads\ProjetJmetre_Departement\departement\src\test\jmeter\Plan de test departements.jmx
2025-04-03 13:13:35,170 INFO o.a.j.p.h.s.HTTPSamplerBase: Parser for text/html is org.apache.jmeter.protocol.http.parser.LagartoBasedHtmlParser
2025-04-03 13:13:35,170 INFO o.a.j.p.h.s.HTTPSamplerBase: Parser for application/xhtml+xml is org.apache.jmeter.protocol.http.parser.LagartoBasedHtmlParser
2025-04-03 13:13:35,170 INFO o.a.j.p.h.s.HTTPSamplerBase: Parser for application/xml is org.apache.jmeter.protocol.http.parser.LagartoBasedHtmlParser
2025-04-03 13:13:35,170 INFO o.a.j.p.h.s.HTTPSamplerBase: Parser for text/xml is org.apache.jmeter.protocol.http.parser.LagartoBasedHtmlParser
2025-04-03 13:13:35,170 INFO o.a.j.p.h.s.HTTPSamplerBase: Parser for text/vnd.wap.wml is org.apache.jmeter.protocol.http.parser.RegexpHTMLParser
2025-04-03 13:13:35,170 INFO o.a.j.p.h.s.HTTPSamplerBase: Parser for text/css is org.apache.jmeter.protocol.http.parser.CssParser
2025-04-03 13:13:35,594 INFO o.a.j.s.SampleResult: Note: Sample TimeStamps are START times
2025-04-03 13:13:35,596 INFO o.a.j.s.SampleResult: sampleresult.default.encoding is set to UTF-8
2025-04-03 13:13:35,596 INFO o.a.j.s.SampleResult: sampleresult.useNanoTime=true
2025-04-03 13:13:35,596 INFO o.a.j.s.SampleResult: sampleresult.nanoThreadSleep=5000
2025-04-03 13:13:35,640 INFO o.a.j.v.ViewResultsFullVisualizer: Add JavaFX to your Java installation if you want to use renderer: org.apache.jmeter.visualizers.RenderInBrowser
2025-04-03 13:13:35,781 INFO o.a.j.s.FileServer: Set new base='C:\Users\Admin\Downloads\ProjetJmetre_Departement\departement\src\test\jmeter'
2025-04-03 13:13:41,741 INFO o.a.j.e.StandardJMeterEngine: Running the test!
2025-04-03 13:13:41,741 INFO o.a.j.s.SampleEvent: List of sample_variables: []
2025-04-03 13:13:41,741 INFO o.a.j.s.SampleEvent: List of sample_variables: []
2025-04-03 13:13:41,757 INFO o.a.j.e.u.CompoundVariable: Note: Function class names must contain the string: '.functions.'
2025-04-03 13:13:41,757 INFO o.a.j.e.u.CompoundVariable: Note: Function class names must not contain the string: '.gui.'
2025-04-03 13:13:41,757 INFO o.a.j.r.ClassFinder: Will scan jar C:\Users\Admin\Downloads\ProjetJmetre_Departement\departement\target\183d5854-d078-4e7d-9d78-890a003cc1dd\jmeter\lib\ext\ApacheJMeter_functions-5.5.jar with filter ExtendsClassFilter [parents=[interface org.apache.jmeter.functions.Function], inner=false, contains=null, notContains=null]. Consider exposing JMeter plugins via META-INF/services, and add JMeter-Skip-Class-Scanning=true manifest attribute so JMeter can skip classfile scanning
2025-04-03 13:13:41,757 INFO o.a.j.r.ClassFinder: Will scan jar C:\Users\Admin\Downloads\ProjetJmetre_Departement\departement\target\183d5854-d078-4e7d-9d78-890a003cc1dd\jmeter\lib\ext\ApacheJMeter_core-5.5.jar with filter ExtendsClassFilter [parents=[interface org.apache.jmeter.functions.Function], inner=false, contains=null, notContains=null]. Consider exposing JMeter plugins via META-INF/services, and add JMeter-Skip-Class-Scanning=true manifest attribute so JMeter can skip classfile scanning
2025-04-03 13:13:41,762 INFO o.a.j.r.ClassFinder: Will scan jar C:\Users\Admin\Downloads\ProjetJmetre_Departement\departement\target\183d5854-d078-4e7d-9d78-890a003cc1dd\jmeter\lib\ext\ApacheJMeter_mail-5.5.jar with filter ExtendsClassFilter [parents=[interface org.apache.jmeter.functions.Function], inner=false, contains=null, notContains=null]. Consider exposing JMeter plugins via META-INF/services, and add JMeter-Skip-Class-Scanning=true manifest attribute so JMeter can skip classfile scanning
2025-04-03 13:13:41,762 INFO o.a.j.r.ClassFinder: Will scan jar C:\Users\Admin\Downloads\ProjetJmetre_Departement\departement\target\183d5854-d078-4e7d-9d78-890a003cc1dd\jmeter\lib\ext\ApacheJMeter_junit-5.5.jar with filter ExtendsClassFilter [parents=[interface org.apache.jmeter.functions.Function], inner=false, contains=null, notContains=null]. Consider exposing JMeter plugins via META-INF/services, and add JMeter-Skip-Class-Scanning=true manifest attribute so JMeter can skip classfile scanning
2025-04-03 13:13:41,762 INFO o.a.j.r.ClassFinder: Will scan jar C:\Users\Admin\Downloads\ProjetJmetre_Departement\departement\target\183d5854-d078-4e7d-9d78-890a003cc1dd\jmeter\lib\ext\ApacheJMeter_bolt-5.5.jar with filter ExtendsClassFilter [parents=[interface org.apache.jmeter.functions.Function], inner=false, contains=null, notContains=null]. Consider exposing JMeter plugins via META-INF/services, and add JMeter-Skip-Class-Scanning=true manifest attribute so JMeter can skip classfile scanning
2025-04-03 13:13:41,762 INFO o.a.j.r.ClassFinder: Will scan jar C:\Users\Admin\Downloads\ProjetJmetre_Departement\departement\target\183d5854-d078-4e7d-9d78-890a003cc1dd\jmeter\lib\ext\ApacheJMeter_ldap-5.5.jar with filter ExtendsClassFilter [parents=[interface org.apache.jmeter.functions.Function], inner=false, contains=null, notContains=null]. Consider exposing JMeter plugins via META-INF/services, and add JMeter-Skip-Class-Scanning=true manifest attribute so JMeter can skip classfile scanning
2025-04-03 13:13:41,762 INFO o.a.j.r.ClassFinder: Will scan jar C:\Users\Admin\Downloads\ProjetJmetre_Departement\departement\target\183d5854-d078-4e7d-9d78-890a003cc1dd\jmeter\lib\ext\ApacheJMeter_jms-5.5.jar with filter ExtendsClassFilter [parents=[interface org.apache.jmeter.functions.Function], inner=false, contains=null, notContains=null]. Consider exposing JMeter plugins via META-INF/services, and add JMeter-Skip-Class-Scanning=true manifest attribute so JMeter can skip classfile scanning
2025-04-03 13:13:41,762 INFO o.a.j.r.ClassFinder: Will scan jar C:\Users\Admin\Downloads\ProjetJmetre_Departement\departement\target\183d5854-d078-4e7d-9d78-890a003cc1dd\jmeter\lib\ext\ApacheJMeter_http-5.5.jar with filter ExtendsClassFilter [parents=[interface org.apache.jmeter.functions.Function], inner=false, contains=null, notContains=null]. Consider exposing JMeter plugins via META-INF/services, and add JMeter-Skip-Class-Scanning=true manifest attribute so JMeter can skip classfile scanning
2025-04-03 13:13:41,765 INFO o.a.j.r.ClassFinder: Will scan jar C:\Users\Admin\Downloads\ProjetJmetre_Departement\departement\target\183d5854-d078-4e7d-9d78-890a003cc1dd\jmeter\lib\ext\ApacheJMeter_ftp-5.5.jar with filter ExtendsClassFilter [parents=[interface org.apache.jmeter.functions.Function], inner=false, contains=null, notContains=null]. Consider exposing JMeter plugins via META-INF/services, and add JMeter-Skip-Class-Scanning=true manifest attribute so JMeter can skip classfile scanning
2025-04-03 13:13:41,765 INFO o.a.j.r.ClassFinder: Will scan jar C:\Users\Admin\Downloads\ProjetJmetre_Departement\departement\target\183d5854-d078-4e7d-9d78-890a003cc1dd\jmeter\lib\ext\ApacheJMeter_native-5.5.jar with filter ExtendsClassFilter [parents=[interface org.apache.jmeter.functions.Function], inner=false, contains=null, notContains=null]. Consider exposing JMeter plugins via META-INF/services, and add JMeter-Skip-Class-Scanning=true manifest attribute so JMeter can skip classfile scanning
2025-04-03 13:13:41,765 INFO o.a.j.r.ClassFinder: Will scan jar C:\Users\Admin\Downloads\ProjetJmetre_Departement\departement\target\183d5854-d078-4e7d-9d78-890a003cc1dd\jmeter\lib\ext\ApacheJMeter_jdbc-5.5.jar with filter ExtendsClassFilter [parents=[interface org.apache.jmeter.functions.Function], inner=false, contains=null, notContains=null]. Consider exposing JMeter plugins via META-INF/services, and add JMeter-Skip-Class-Scanning=true manifest attribute so JMeter can skip classfile scanning
2025-04-03 13:13:41,767 INFO o.a.j.r.ClassFinder: Will scan jar C:\Users\Admin\Downloads\ProjetJmetre_Departement\departement\target\183d5854-d078-4e7d-9d78-890a003cc1dd\jmeter\lib\ext\ApacheJMeter_java-5.5.jar with filter ExtendsClassFilter [parents=[interface org.apache.jmeter.functions.Function], inner=false, contains=null, notContains=null]. Consider exposing JMeter plugins via META-INF/services, and add JMeter-Skip-Class-Scanning=true manifest attribute so JMeter can skip classfile scanning
2025-04-03 13:13:41,768 INFO o.a.j.r.ClassFinder: Will scan jar C:\Users\Admin\Downloads\ProjetJmetre_Departement\departement\target\183d5854-d078-4e7d-9d78-890a003cc1dd\jmeter\lib\ext\ApacheJMeter_tcp-5.5.jar with filter ExtendsClassFilter [parents=[interface org.apache.jmeter.functions.Function], inner=false, contains=null, notContains=null]. Consider exposing JMeter plugins via META-INF/services, and add JMeter-Skip-Class-Scanning=true manifest attribute so JMeter can skip classfile scanning
2025-04-03 13:13:41,768 INFO o.a.j.r.ClassFinder: Will scan jar C:\Users\Admin\Downloads\ProjetJmetre_Departement\departement\target\183d5854-d078-4e7d-9d78-890a003cc1dd\jmeter\lib\ext\ApacheJMeter_mongodb-5.5.jar with filter ExtendsClassFilter [parents=[interface org.apache.jmeter.functions.Function], inner=false, contains=null, notContains=null]. Consider exposing JMeter plugins via META-INF/services, and add JMeter-Skip-Class-Scanning=true manifest attribute so JMeter can skip classfile scanning
2025-04-03 13:13:41,768 INFO o.a.j.r.ClassFinder: Will scan jar C:\Users\Admin\Downloads\ProjetJmetre_Departement\departement\target\183d5854-d078-4e7d-9d78-890a003cc1dd\jmeter\lib\ext\ApacheJMeter_components-5.5.jar with filter ExtendsClassFilter [parents=[interface org.apache.jmeter.functions.Function], inner=false, contains=null, notContains=null]. Consider exposing JMeter plugins via META-INF/services, and add JMeter-Skip-Class-Scanning=true manifest attribute so JMeter can skip classfile scanning
2025-04-03 13:13:41,768 INFO o.a.j.r.ClassFinder: Will scan jar C:\Users\Admin\Downloads\ProjetJmetre_Departement\departement\target\183d5854-d078-4e7d-9d78-890a003cc1dd\jmeter\lib\ext\jmeter-plugins-webdriver-4.13.0.2.jar with filter ExtendsClassFilter [parents=[interface org.apache.jmeter.functions.Function], inner=false, contains=null, notContains=null]. Consider exposing JMeter plugins via META-INF/services, and add JMeter-Skip-Class-Scanning=true manifest attribute so JMeter can skip classfile scanning
2025-04-03 13:13:41,807 INFO o.a.j.g.u.JMeterMenuBar: setRunning(true, *local*)
2025-04-03 13:13:41,843 INFO o.a.j.e.StandardJMeterEngine: Starting ThreadGroup: 1 : Groupe d'unités Dep_Api
2025-04-03 13:13:41,843 INFO o.a.j.e.StandardJMeterEngine: Starting 1 threads for group Groupe d'unités Dep_Api.
2025-04-03 13:13:41,843 INFO o.a.j.e.StandardJMeterEngine: Thread will continue on error
2025-04-03 13:13:41,843 INFO o.a.j.t.ThreadGroup: Starting thread group... number=1 threads=1 ramp-up=1 delayedStart=false
2025-04-03 13:13:41,846 INFO o.a.j.t.ThreadGroup: Started thread group number 1
2025-04-03 13:13:41,846 INFO o.a.j.e.StandardJMeterEngine: Starting ThreadGroup: 2 : Groupe d'unités Dep_BDD
2025-04-03 13:13:41,846 INFO o.a.j.e.StandardJMeterEngine: Starting 1 threads for group Groupe d'unités Dep_BDD.
2025-04-03 13:13:41,846 INFO o.a.j.e.StandardJMeterEngine: Thread will continue on error
2025-04-03 13:13:41,846 INFO o.a.j.t.ThreadGroup: Starting thread group... number=2 threads=1 ramp-up=1 delayedStart=false
2025-04-03 13:13:41,850 INFO o.a.j.t.ThreadGroup: Started thread group number 2
2025-04-03 13:13:41,850 INFO o.a.j.e.StandardJMeterEngine: All thread groups have been started
2025-04-03 13:13:41,850 INFO o.a.j.t.JMeterThread: Thread started: Groupe d'unités Dep_Api 1-1
2025-04-03 13:13:41,850 INFO o.a.j.t.JMeterThread: Thread started: Groupe d'unités Dep_BDD 2-1
2025-04-03 13:13:41,867 INFO o.a.j.p.h.s.HTTPHCAbstractImpl: Local host = DESKTOP-GC5LS2P
2025-04-03 13:13:41,883 INFO o.a.j.p.h.s.HTTPHC4Impl: HTTP request retry count = 0
2025-04-03 13:14:03,177 INFO o.a.j.t.JMeterThread: Thread is done: Groupe d'unités Dep_Api 1-1
2025-04-03 13:14:03,177 INFO o.a.j.t.JMeterThread: Thread finished: Groupe d'unités Dep_Api 1-1
2025-04-03 13:14:03,185 INFO o.a.j.t.JMeterThread: Thread is done: Groupe d'unités Dep_BDD 2-1
2025-04-03 13:14:03,185 INFO o.a.j.t.JMeterThread: Thread finished: Groupe d'unités Dep_BDD 2-1
2025-04-03 13:14:03,186 INFO o.a.j.e.StandardJMeterEngine: Notifying test listeners of end of test
2025-04-03 13:14:03,186 INFO o.a.j.g.u.JMeterMenuBar: setRunning(false, *local*)
2025-04-03 13:39:51,684 INFO o.a.j.e.StandardJMeterEngine: Running the test!
2025-04-03 13:39:51,686 INFO o.a.j.s.SampleEvent: List of sample_variables: []
2025-04-03 13:39:51,688 INFO o.a.j.g.u.JMeterMenuBar: setRunning(true, *local*)
2025-04-03 13:39:51,764 INFO o.a.j.e.StandardJMeterEngine: Starting ThreadGroup: 1 : Groupe d'unités Dep_Api
2025-04-03 13:39:51,764 INFO o.a.j.e.StandardJMeterEngine: Starting 1 threads for group Groupe d'unités Dep_Api.
2025-04-03 13:39:51,764 INFO o.a.j.e.StandardJMeterEngine: Thread will continue on error
2025-04-03 13:39:51,764 INFO o.a.j.t.ThreadGroup: Starting thread group... number=1 threads=1 ramp-up=1 delayedStart=false
2025-04-03 13:39:51,767 INFO o.a.j.t.ThreadGroup: Started thread group number 1
2025-04-03 13:39:51,767 INFO o.a.j.e.StandardJMeterEngine: Starting ThreadGroup: 2 : Groupe d'unités Dep_BDD
2025-04-03 13:39:51,767 INFO o.a.j.e.StandardJMeterEngine: Starting 1 threads for group Groupe d'unités Dep_BDD.
2025-04-03 13:39:51,767 INFO o.a.j.e.StandardJMeterEngine: Thread will continue on error
2025-04-03 13:39:51,767 INFO o.a.j.t.JMeterThread: Thread started: Groupe d'unités Dep_Api 1-1
2025-04-03 13:39:51,767 INFO o.a.j.t.ThreadGroup: Starting thread group... number=2 threads=1 ramp-up=1 delayedStart=false
2025-04-03 13:39:51,769 INFO o.a.j.t.ThreadGroup: Started thread group number 2
2025-04-03 13:39:51,769 INFO o.a.j.e.StandardJMeterEngine: All thread groups have been started
2025-04-03 13:39:51,770 INFO o.a.j.t.JMeterThread: Thread started: Groupe d'unités Dep_BDD 2-1
2025-04-03 13:39:52,991 INFO o.a.j.t.JMeterThread: Thread is done: Groupe d'unités Dep_Api 1-1
2025-04-03 13:39:52,991 INFO o.a.j.t.JMeterThread: Thread finished: Groupe d'unités Dep_Api 1-1
2025-04-03 13:39:55,304 INFO o.a.j.t.JMeterThread: Thread is done: Groupe d'unités Dep_BDD 2-1
2025-04-03 13:39:55,304 INFO o.a.j.t.JMeterThread: Thread finished: Groupe d'unités Dep_BDD 2-1
2025-04-03 13:39:55,307 INFO o.a.j.e.StandardJMeterEngine: Notifying test listeners of end of test
2025-04-03 13:39:55,312 INFO o.a.j.g.u.JMeterMenuBar: setRunning(false, *local*)
2025-04-03 15:22:50,001 INFO o.a.j.e.StandardJMeterEngine: Running the test!
2025-04-03 15:22:50,003 INFO o.a.j.s.SampleEvent: List of sample_variables: []
2025-04-03 15:22:50,005 INFO o.a.j.g.u.JMeterMenuBar: setRunning(true, *local*)
2025-04-03 15:22:50,094 INFO o.a.j.e.StandardJMeterEngine: Starting ThreadGroup: 1 : Groupe d'unités Dep_Api
2025-04-03 15:22:50,095 INFO o.a.j.e.StandardJMeterEngine: Starting 1 threads for group Groupe d'unités Dep_Api.
2025-04-03 15:22:50,095 INFO o.a.j.e.StandardJMeterEngine: Thread will continue on error
2025-04-03 15:22:50,095 INFO o.a.j.t.ThreadGroup: Starting thread group... number=1 threads=1 ramp-up=1 delayedStart=false
2025-04-03 15:22:50,096 INFO o.a.j.t.ThreadGroup: Started thread group number 1
2025-04-03 15:22:50,096 INFO o.a.j.e.StandardJMeterEngine: Starting ThreadGroup: 2 : Groupe d'unités Dep_BDD
2025-04-03 15:22:50,096 INFO o.a.j.e.StandardJMeterEngine: Starting 1 threads for group Groupe d'unités Dep_BDD.
2025-04-03 15:22:50,096 INFO o.a.j.e.StandardJMeterEngine: Thread will continue on error
2025-04-03 15:22:50,097 INFO o.a.j.t.ThreadGroup: Starting thread group... number=2 threads=1 ramp-up=1 delayedStart=false
2025-04-03 15:22:50,097 INFO o.a.j.t.JMeterThread: Thread started: Groupe d'unités Dep_Api 1-1
2025-04-03 15:22:50,097 INFO o.a.j.t.ThreadGroup: Started thread group number 2
2025-04-03 15:22:50,097 INFO o.a.j.e.StandardJMeterEngine: All thread groups have been started
2025-04-03 15:22:50,097 INFO o.a.j.t.JMeterThread: Thread started: Groupe d'unités Dep_BDD 2-1
2025-04-03 15:22:50,238 INFO o.a.j.t.JMeterThread: Thread is done: Groupe d'unités Dep_Api 1-1
2025-04-03 15:22:50,239 INFO o.a.j.t.JMeterThread: Thread finished: Groupe d'unités Dep_Api 1-1
2025-04-03 15:22:52,646 INFO o.a.j.t.JMeterThread: Thread is done: Groupe d'unités Dep_BDD 2-1
2025-04-03 15:22:52,646 INFO o.a.j.t.JMeterThread: Thread finished: Groupe d'unités Dep_BDD 2-1
2025-04-03 15:22:52,646 INFO o.a.j.e.StandardJMeterEngine: Notifying test listeners of end of test
2025-04-03 15:22:52,648 INFO o.a.j.g.u.JMeterMenuBar: setRunning(false, *local*)
2025-04-03 15:23:08,879 INFO o.a.j.e.StandardJMeterEngine: Running the test!
2025-04-03 15:23:08,880 INFO o.a.j.s.SampleEvent: List of sample_variables: []
2025-04-03 15:23:08,880 INFO o.a.j.g.u.JMeterMenuBar: setRunning(true, *local*)
2025-04-03 15:23:08,921 INFO o.a.j.e.StandardJMeterEngine: Starting ThreadGroup: 1 : Groupe d'unités Dep_Api
2025-04-03 15:23:08,921 INFO o.a.j.e.StandardJMeterEngine: Starting 1 threads for group Groupe d'unités Dep_Api.
2025-04-03 15:23:08,921 INFO o.a.j.e.StandardJMeterEngine: Thread will continue on error
2025-04-03 15:23:08,921 INFO o.a.j.t.ThreadGroup: Starting thread group... number=1 threads=1 ramp-up=1 delayedStart=false
2025-04-03 15:23:08,922 INFO o.a.j.t.ThreadGroup: Started thread group number 1
2025-04-03 15:23:08,922 INFO o.a.j.e.StandardJMeterEngine: Starting ThreadGroup: 2 : Groupe d'unités Dep_BDD
2025-04-03 15:23:08,922 INFO o.a.j.e.StandardJMeterEngine: Starting 1 threads for group Groupe d'unités Dep_BDD.
2025-04-03 15:23:08,922 INFO o.a.j.e.StandardJMeterEngine: Thread will continue on error
2025-04-03 15:23:08,922 INFO o.a.j.t.ThreadGroup: Starting thread group... number=2 threads=1 ramp-up=1 delayedStart=false
2025-04-03 15:23:08,922 INFO o.a.j.t.JMeterThread: Thread started: Groupe d'unités Dep_Api 1-1
2025-04-03 15:23:08,922 INFO o.a.j.t.ThreadGroup: Started thread group number 2
2025-04-03 15:23:08,922 INFO o.a.j.e.StandardJMeterEngine: All thread groups have been started
2025-04-03 15:23:08,924 INFO o.a.j.t.JMeterThread: Thread started: Groupe d'unités Dep_BDD 2-1
2025-04-03 15:23:08,958 INFO o.a.j.t.JMeterThread: Thread is done: Groupe d'unités Dep_Api 1-1
2025-04-03 15:23:08,958 INFO o.a.j.t.JMeterThread: Thread finished: Groupe d'unités Dep_Api 1-1
2025-04-03 15:23:10,420 INFO o.a.j.t.JMeterThread: Thread is done: Groupe d'unités Dep_BDD 2-1
2025-04-03 15:23:10,420 INFO o.a.j.t.JMeterThread: Thread finished: Groupe d'unités Dep_BDD 2-1
2025-04-03 15:23:10,421 INFO o.a.j.e.StandardJMeterEngine: Notifying test listeners of end of test
2025-04-03 15:23:10,422 INFO o.a.j.g.u.JMeterMenuBar: setRunning(false, *local*)
2025-04-03 15:23:25,929 INFO o.a.j.e.StandardJMeterEngine: Running the test!
2025-04-03 15:23:25,929 INFO o.a.j.s.SampleEvent: List of sample_variables: []
2025-04-03 15:23:25,932 INFO o.a.j.g.u.JMeterMenuBar: setRunning(true, *local*)
2025-04-03 15:23:25,997 INFO o.a.j.e.StandardJMeterEngine: Starting ThreadGroup: 1 : Groupe d'unités Dep_Api
2025-04-03 15:23:25,997 INFO o.a.j.e.StandardJMeterEngine: Starting 1 threads for group Groupe d'unités Dep_Api.
2025-04-03 15:23:25,997 INFO o.a.j.e.StandardJMeterEngine: Thread will continue on error
2025-04-03 15:23:25,997 INFO o.a.j.t.ThreadGroup: Starting thread group... number=1 threads=1 ramp-up=1 delayedStart=false
2025-04-03 15:23:25,999 INFO o.a.j.t.ThreadGroup: Started thread group number 1
2025-04-03 15:23:26,000 INFO o.a.j.e.StandardJMeterEngine: Starting ThreadGroup: 2 : Groupe d'unités Dep_BDD
2025-04-03 15:23:26,000 INFO o.a.j.e.StandardJMeterEngine: Starting 1 threads for group Groupe d'unités Dep_BDD.
2025-04-03 15:23:26,000 INFO o.a.j.e.StandardJMeterEngine: Thread will continue on error
2025-04-03 15:23:26,000 INFO o.a.j.t.ThreadGroup: Starting thread group... number=2 threads=1 ramp-up=1 delayedStart=false
2025-04-03 15:23:26,001 INFO o.a.j.t.ThreadGroup: Started thread group number 2
2025-04-03 15:23:26,001 INFO o.a.j.e.StandardJMeterEngine: All thread groups have been started
2025-04-03 15:23:26,005 INFO o.a.j.t.JMeterThread: Thread started: Groupe d'unités Dep_Api 1-1
2025-04-03 15:23:26,010 INFO o.a.j.t.JMeterThread: Thread started: Groupe d'unités Dep_BDD 2-1
2025-04-03 15:23:26,064 INFO o.a.j.t.JMeterThread: Thread is done: Groupe d'unités Dep_Api 1-1
2025-04-03 15:23:26,064 INFO o.a.j.t.JMeterThread: Thread finished: Groupe d'unités Dep_Api 1-1
2025-04-03 15:23:27,610 INFO o.a.j.t.JMeterThread: Thread is done: Groupe d'unités Dep_BDD 2-1
2025-04-03 15:23:27,610 INFO o.a.j.t.JMeterThread: Thread finished: Groupe d'unités Dep_BDD 2-1
2025-04-03 15:23:27,611 INFO o.a.j.e.StandardJMeterEngine: Notifying test listeners of end of test
2025-04-03 15:23:27,612 INFO o.a.j.g.u.JMeterMenuBar: setRunning(false, *local*)
